#
# There is insufficient memory for the Java Runtime Environment to continue.
# Native memory allocation (malloc) failed to allocate 129728 bytes for Chunk::new
# Possible reasons:
#   The system is out of physical RAM or swap space
#   The process is running with CompressedOops enabled, and the Java Heap may be blocking the growth of the native heap
# Possible solutions:
#   Reduce memory load on the system
#   Increase physical memory or swap space
#   Check if swap backing store is full
#   Decrease Java heap size (-Xmx/-Xms)
#   Decrease number of Java threads
#   Decrease Java thread stack sizes (-Xss)
#   Set larger code cache with -XX:ReservedCodeCacheSize=
#   JVM is running with Unscaled Compressed Oops mode in which the Java heap is
#     placed in the first 4GB address space. The Java Heap base address is the
#     maximum limit for the native heap growth. Please use -XX:HeapBaseMinAddress
#     to set the Java Heap base and to place the Java Heap above 4GB virtual address.
# This output file may be truncated or incomplete.
#
#  Out of Memory Error (arena.cpp:189), pid=6748, tid=16472
#
# JRE version: Java(TM) SE Runtime Environment (17.0.9+11) (build 17.0.9+11-LTS-201)
# Java VM: Java HotSpot(TM) 64-Bit Server VM (17.0.9+11-LTS-201, mixed mode, sharing, tiered, compressed oops, compressed class ptrs, g1 gc, windows-amd64)
# No core dump will be written. Minidumps are not enabled by default on client versions of Windows
#

---------------  S U M M A R Y ------------

Command Line: org.jetbrains.kotlin.cli.jvm.K2JVMCompiler @C:\Users\PMLS\Desktop\MAD Projects\DineIn2\dinein\android\app\build\20231231_15373319298179585959.compiler.options

Host: 12th Gen Intel(R) Core(TM) i5-1235U, 12 cores, 7G,  Windows 10 , 64 bit Build 19041 (10.0.19041.3636)
Time: Sun Dec 31 19:56:38 2023 Pakistan Standard Time elapsed time: 16.995672 seconds (0d 0h 0m 16s)

---------------  T H R E A D  ---------------

Current thread (0x0000026859b29990):  JavaThread "C2 CompilerThread0" daemon [_thread_in_native, id=16472, stack(0x000000da6de00000,0x000000da6df00000)]


Current CompileTask:
C2:  16996 7148       4       org.jetbrains.kotlin.metadata.ProtoBuf$Function::isInitialized (251 bytes)

Stack: [0x000000da6de00000,0x000000da6df00000]
Native frames: (J=compiled Java code, j=interpreted, Vv=VM code, C=native code)
V  [jvm.dll+0x678a4a]
V  [jvm.dll+0x7d9cfd]
V  [jvm.dll+0x7db60e]
V  [jvm.dll+0x7dbc73]
V  [jvm.dll+0x245e1f]
V  [jvm.dll+0xaaafb]
V  [jvm.dll+0xab09c]
V  [jvm.dll+0x36237e]
V  [jvm.dll+0x1bbb3a]
V  [jvm.dll+0x218287]
V  [jvm.dll+0x217561]
V  [jvm.dll+0x1a3bc0]
V  [jvm.dll+0x2272de]
V  [jvm.dll+0x22548b]
V  [jvm.dll+0x78f58c]
V  [jvm.dll+0x78998a]
V  [jvm.dll+0x677875]
C  [ucrtbase.dll+0x21bb2]
C  [KERNEL32.DLL+0x17344]
C  [ntdll.dll+0x526b1]


---------------  P R O C E S S  ---------------

Threads class SMR info:
_java_thread_list=0x00000268a1c1aec0, length=12, elements={
0x000002683b754ed0, 0x0000026859b0d7a0, 0x0000026859b10430, 0x0000026859b24aa0,
0x0000026859b25460, 0x0000026859b25e20, 0x0000026859b28bf0, 0x0000026859b29990,
0x0000026859b88960, 0x0000026859b94d80, 0x000002689f0c7620, 0x000002689f0c8f50
}

Java Threads: ( => current thread )
  0x000002683b754ed0 JavaThread "main" [_thread_in_Java, id=10068, stack(0x000000da6d100000,0x000000da6d200000)]
  0x0000026859b0d7a0 JavaThread "Reference Handler" daemon [_thread_blocked, id=21508, stack(0x000000da6d800000,0x000000da6d900000)]
  0x0000026859b10430 JavaThread "Finalizer" daemon [_thread_blocked, id=7332, stack(0x000000da6d900000,0x000000da6da00000)]
  0x0000026859b24aa0 JavaThread "Signal Dispatcher" daemon [_thread_blocked, id=4900, stack(0x000000da6da00000,0x000000da6db00000)]
  0x0000026859b25460 JavaThread "Attach Listener" daemon [_thread_blocked, id=18968, stack(0x000000da6db00000,0x000000da6dc00000)]
  0x0000026859b25e20 JavaThread "Service Thread" daemon [_thread_blocked, id=21380, stack(0x000000da6dc00000,0x000000da6dd00000)]
  0x0000026859b28bf0 JavaThread "Monitor Deflation Thread" daemon [_thread_blocked, id=20948, stack(0x000000da6dd00000,0x000000da6de00000)]
=>0x0000026859b29990 JavaThread "C2 CompilerThread0" daemon [_thread_in_native, id=16472, stack(0x000000da6de00000,0x000000da6df00000)]
  0x0000026859b88960 JavaThread "C1 CompilerThread0" daemon [_thread_in_native, id=20592, stack(0x000000da6df00000,0x000000da6e000000)]
  0x0000026859b94d80 JavaThread "Sweeper thread" daemon [_thread_blocked, id=18812, stack(0x000000da6e000000,0x000000da6e100000)]
  0x000002689f0c7620 JavaThread "Notification Thread" daemon [_thread_blocked, id=20796, stack(0x000000da6e100000,0x000000da6e200000)]
  0x000002689f0c8f50 JavaThread "Common-Cleaner" daemon [_thread_blocked, id=2448, stack(0x000000da6e300000,0x000000da6e400000)]

Other Threads:
  0x0000026859b08b40 VMThread "VM Thread" [stack: 0x000000da6d700000,0x000000da6d800000] [id=12548]
  0x000002689f0c7b00 WatcherThread [stack: 0x000000da6e200000,0x000000da6e300000] [id=14532]
  0x000002683b7af2b0 GCTaskThread "GC Thread#0" [stack: 0x000000da6d200000,0x000000da6d300000] [id=22512]
  0x000002689f5ca040 GCTaskThread "GC Thread#1" [stack: 0x000000da6e400000,0x000000da6e500000] [id=17452]
  0x000002689f5da9d0 GCTaskThread "GC Thread#2" [stack: 0x000000da6e500000,0x000000da6e600000] [id=21988]
  0x000002689f5dac90 GCTaskThread "GC Thread#3" [stack: 0x000000da6e600000,0x000000da6e700000] [id=19284]
  0x000002689f5daf50 GCTaskThread "GC Thread#4" [stack: 0x000000da6e700000,0x000000da6e800000] [id=19944]
  0x000002689f5db210 GCTaskThread "GC Thread#5" [stack: 0x000000da6e800000,0x000000da6e900000] [id=15764]
  0x000002689fbbc900 GCTaskThread "GC Thread#6" [stack: 0x000000da6e900000,0x000000da6ea00000] [id=4988]
  0x000002689fbbdfe0 GCTaskThread "GC Thread#7" [stack: 0x000000da6ea00000,0x000000da6eb00000] [id=21340]
  0x000002689fbbe2a0 GCTaskThread "GC Thread#8" [stack: 0x000000da6eb00000,0x000000da6ec00000] [id=15404]
  0x000002689fbbe560 GCTaskThread "GC Thread#9" [stack: 0x000000da6ec00000,0x000000da6ed00000] [id=12076]
  0x000002683b7bf980 ConcurrentGCThread "G1 Main Marker" [stack: 0x000000da6d300000,0x000000da6d400000] [id=22056]
  0x000002683b7c0390 ConcurrentGCThread "G1 Conc#0" [stack: 0x000000da6d400000,0x000000da6d500000] [id=12208]
  0x00000268a04e15f0 ConcurrentGCThread "G1 Conc#1" [stack: 0x000000da6ed00000,0x000000da6ee00000] [id=17712]
  0x00000268a164ed00 ConcurrentGCThread "G1 Conc#2" [stack: 0x000000da6ee00000,0x000000da6ef00000] [id=21172]
  0x000002683b82eb10 ConcurrentGCThread "G1 Refine#0" [stack: 0x000000da6d500000,0x000000da6d600000] [id=8236]
  0x00000268a05efe30 ConcurrentGCThread "G1 Refine#1" [stack: 0x000000da6ef00000,0x000000da6f000000] [id=12512]
  0x00000268599b26f0 ConcurrentGCThread "G1 Service" [stack: 0x000000da6d600000,0x000000da6d700000] [id=15508]

Threads with active compile tasks:
C2 CompilerThread0    17027 7148       4       org.jetbrains.kotlin.metadata.ProtoBuf$Function::isInitialized (251 bytes)
C1 CompilerThread0    17027 7173       3       org.jetbrains.kotlin.load.java.lazy.descriptors.JvmPackageScope::getContributedFunctions (122 bytes)

VM state: not at safepoint (normal execution)

VM Mutex/Monitor currently owned by a thread:  ([mutex/lock_event])
[0x000002683b74ff60] Compile_lock - owner thread: 0x0000000000000000

Heap address: 0x0000000084400000, size: 1980 MB, Compressed Oops mode: 32-bit

CDS archive(s) mapped at: [0x000002685a000000-0x000002685abd0000-0x000002685abd0000), size 12386304, SharedBaseAddress: 0x000002685a000000, ArchiveRelocationMode: 1.
Compressed class space mapped at: 0x000002685b000000-0x000002689b000000, reserved size: 1073741824
Narrow klass base: 0x000002685a000000, Narrow klass shift: 0, Narrow klass range: 0x100000000

GC Precious Log:
 CPUs: 12 total, 12 available
 Memory: 7916M
 Large Page Support: Disabled
 NUMA Support: Disabled
 Compressed Oops: Enabled (32-bit)
 Heap Region Size: 1M
 Heap Min Capacity: 8M
 Heap Initial Capacity: 124M
 Heap Max Capacity: 1980M
 Pre-touch: Disabled
 Parallel Workers: 10
 Concurrent Workers: 3
 Concurrent Refinement Workers: 10
 Periodic GC: Disabled

Heap:
 garbage-first heap   total 124928K, used 65384K [0x0000000084400000, 0x0000000100000000)
  region size 1024K, 20 young (20480K), 5 survivors (5120K)
 Metaspace       used 58598K, committed 58944K, reserved 1114112K
  class space    used 7000K, committed 7168K, reserved 1048576K

Heap Regions: E=young(eden), S=young(survivor), O=old, HS=humongous(starts), HC=humongous(continues), CS=collection set, F=free, OA=open archive, CA=closed archive, TAMS=top-at-mark-start (previous, next)
|   0|0x0000000084400000, 0x0000000084500000, 0x0000000084500000|100%|HS|  |TAMS 0x0000000084500000, 0x0000000084400000| Complete 
|   1|0x0000000084500000, 0x0000000084600000, 0x0000000084600000|100%|HC|  |TAMS 0x0000000084600000, 0x0000000084500000| Complete 
|   2|0x0000000084600000, 0x0000000084700000, 0x0000000084700000|100%|HC|  |TAMS 0x0000000084700000, 0x0000000084600000| Complete 
|   3|0x0000000084700000, 0x0000000084800000, 0x0000000084800000|100%|HC|  |TAMS 0x0000000084800000, 0x0000000084700000| Complete 
|   4|0x0000000084800000, 0x0000000084900000, 0x0000000084900000|100%| O|  |TAMS 0x0000000084900000, 0x0000000084800000| Untracked 
|   5|0x0000000084900000, 0x0000000084a00000, 0x0000000084a00000|100%| O|  |TAMS 0x0000000084a00000, 0x0000000084900000| Untracked 
|   6|0x0000000084a00000, 0x0000000084b00000, 0x0000000084b00000|100%| O|  |TAMS 0x0000000084b00000, 0x0000000084a00000| Untracked 
|   7|0x0000000084b00000, 0x0000000084c00000, 0x0000000084c00000|100%|HS|  |TAMS 0x0000000084c00000, 0x0000000084b00000| Complete 
|   8|0x0000000084c00000, 0x0000000084d00000, 0x0000000084d00000|100%|HC|  |TAMS 0x0000000084d00000, 0x0000000084c00000| Complete 
|   9|0x0000000084d00000, 0x0000000084e00000, 0x0000000084e00000|100%|HC|  |TAMS 0x0000000084e00000, 0x0000000084d00000| Complete 
|  10|0x0000000084e00000, 0x0000000084f00000, 0x0000000084f00000|100%|HC|  |TAMS 0x0000000084f00000, 0x0000000084e00000| Complete 
|  11|0x0000000084f00000, 0x0000000085000000, 0x0000000085000000|100%| O|  |TAMS 0x0000000085000000, 0x0000000084f00000| Untracked 
|  12|0x0000000085000000, 0x0000000085100000, 0x0000000085100000|100%| O|  |TAMS 0x0000000085100000, 0x0000000085000000| Untracked 
|  13|0x0000000085100000, 0x0000000085200000, 0x0000000085200000|100%| O|  |TAMS 0x0000000085200000, 0x0000000085100000| Untracked 
|  14|0x0000000085200000, 0x0000000085300000, 0x0000000085300000|100%| O|  |TAMS 0x0000000085300000, 0x0000000085200000| Untracked 
|  15|0x0000000085300000, 0x0000000085400000, 0x0000000085400000|100%| O|  |TAMS 0x0000000085400000, 0x0000000085300000| Untracked 
|  16|0x0000000085400000, 0x0000000085500000, 0x0000000085500000|100%| O|  |TAMS 0x0000000085500000, 0x0000000085400000| Untracked 
|  17|0x0000000085500000, 0x0000000085600000, 0x0000000085600000|100%| O|  |TAMS 0x0000000085600000, 0x0000000085500000| Untracked 
|  18|0x0000000085600000, 0x0000000085700000, 0x0000000085700000|100%| O|  |TAMS 0x0000000085700000, 0x0000000085600000| Untracked 
|  19|0x0000000085700000, 0x0000000085800000, 0x0000000085800000|100%| O|  |TAMS 0x0000000085800000, 0x0000000085700000| Untracked 
|  20|0x0000000085800000, 0x0000000085900000, 0x0000000085900000|100%| O|  |TAMS 0x0000000085800000, 0x0000000085800000| Untracked 
|  21|0x0000000085900000, 0x0000000085a00000, 0x0000000085a00000|100%|HS|  |TAMS 0x0000000085a00000, 0x0000000085900000| Complete 
|  22|0x0000000085a00000, 0x0000000085b00000, 0x0000000085b00000|100%|HC|  |TAMS 0x0000000085b00000, 0x0000000085a00000| Complete 
|  23|0x0000000085b00000, 0x0000000085c00000, 0x0000000085c00000|100%| O|  |TAMS 0x0000000085b00000, 0x0000000085b00000| Untracked 
|  24|0x0000000085c00000, 0x0000000085d00000, 0x0000000085d00000|100%| O|  |TAMS 0x0000000085d00000, 0x0000000085c00000| Untracked 
|  25|0x0000000085d00000, 0x0000000085e00000, 0x0000000085e00000|100%| O|  |TAMS 0x0000000085e00000, 0x0000000085d00000| Untracked 
|  26|0x0000000085e00000, 0x0000000085f00000, 0x0000000085f00000|100%| O|  |TAMS 0x0000000085f00000, 0x0000000085e00000| Untracked 
|  27|0x0000000085f00000, 0x0000000086000000, 0x0000000086000000|100%| O|  |TAMS 0x0000000086000000, 0x0000000085f00000| Untracked 
|  28|0x0000000086000000, 0x0000000086100000, 0x0000000086100000|100%| O|  |TAMS 0x0000000086100000, 0x0000000086000000| Untracked 
|  29|0x0000000086100000, 0x0000000086200000, 0x0000000086200000|100%| O|  |TAMS 0x0000000086100000, 0x0000000086100000| Untracked 
|  30|0x0000000086200000, 0x0000000086300000, 0x0000000086300000|100%| O|  |TAMS 0x0000000086200000, 0x0000000086200000| Untracked 
|  31|0x0000000086300000, 0x0000000086400000, 0x0000000086400000|100%| O|  |TAMS 0x0000000086300000, 0x0000000086300000| Untracked 
|  32|0x0000000086400000, 0x0000000086500000, 0x0000000086500000|100%| O|  |TAMS 0x0000000086400000, 0x0000000086400000| Untracked 
|  33|0x0000000086500000, 0x0000000086600000, 0x0000000086600000|100%| O|  |TAMS 0x0000000086500000, 0x0000000086500000| Untracked 
|  34|0x0000000086600000, 0x0000000086700000, 0x0000000086700000|100%| O|  |TAMS 0x0000000086600000, 0x0000000086600000| Untracked 
|  35|0x0000000086700000, 0x0000000086800000, 0x0000000086800000|100%| O|  |TAMS 0x0000000086700000, 0x0000000086700000| Untracked 
|  36|0x0000000086800000, 0x0000000086900000, 0x0000000086900000|100%| O|  |TAMS 0x0000000086800000, 0x0000000086800000| Untracked 
|  37|0x0000000086900000, 0x0000000086a00000, 0x0000000086a00000|100%| O|  |TAMS 0x0000000086900000, 0x0000000086900000| Untracked 
|  38|0x0000000086a00000, 0x0000000086b00000, 0x0000000086b00000|100%| O|  |TAMS 0x0000000086a00000, 0x0000000086a00000| Untracked 
|  39|0x0000000086b00000, 0x0000000086c00000, 0x0000000086c00000|100%| O|  |TAMS 0x0000000086b00000, 0x0000000086b00000| Untracked 
|  40|0x0000000086c00000, 0x0000000086d00000, 0x0000000086d00000|100%| O|  |TAMS 0x0000000086c00000, 0x0000000086c00000| Untracked 
|  41|0x0000000086d00000, 0x0000000086e00000, 0x0000000086e00000|100%| O|  |TAMS 0x0000000086d00000, 0x0000000086d00000| Untracked 
|  42|0x0000000086e00000, 0x0000000086f00000, 0x0000000086f00000|100%| O|  |TAMS 0x0000000086e00000, 0x0000000086e00000| Untracked 
|  43|0x0000000086f00000, 0x0000000087000000, 0x0000000087000000|100%| O|  |TAMS 0x0000000086f00000, 0x0000000086f00000| Untracked 
|  44|0x0000000087000000, 0x0000000087100000, 0x0000000087100000|100%| O|  |TAMS 0x0000000087000000, 0x0000000087000000| Untracked 
|  45|0x0000000087100000, 0x0000000087100000, 0x0000000087200000|  0%| F|  |TAMS 0x0000000087100000, 0x0000000087100000| Untracked 
|  46|0x0000000087200000, 0x0000000087200000, 0x0000000087300000|  0%| F|  |TAMS 0x0000000087200000, 0x0000000087200000| Untracked 
|  47|0x0000000087300000, 0x0000000087300000, 0x0000000087400000|  0%| F|  |TAMS 0x0000000087300000, 0x0000000087300000| Untracked 
|  48|0x0000000087400000, 0x0000000087400000, 0x0000000087500000|  0%| F|  |TAMS 0x0000000087400000, 0x0000000087400000| Untracked 
|  49|0x0000000087500000, 0x0000000087500000, 0x0000000087600000|  0%| F|  |TAMS 0x0000000087500000, 0x0000000087500000| Untracked 
|  50|0x0000000087600000, 0x0000000087600000, 0x0000000087700000|  0%| F|  |TAMS 0x0000000087600000, 0x0000000087600000| Untracked 
|  51|0x0000000087700000, 0x0000000087700000, 0x0000000087800000|  0%| F|  |TAMS 0x0000000087700000, 0x0000000087700000| Untracked 
|  52|0x0000000087800000, 0x0000000087800000, 0x0000000087900000|  0%| F|  |TAMS 0x0000000087800000, 0x0000000087800000| Untracked 
|  53|0x0000000087900000, 0x0000000087900000, 0x0000000087a00000|  0%| F|  |TAMS 0x0000000087900000, 0x0000000087900000| Untracked 
|  54|0x0000000087a00000, 0x0000000087a00000, 0x0000000087b00000|  0%| F|  |TAMS 0x0000000087a00000, 0x0000000087a00000| Untracked 
|  55|0x0000000087b00000, 0x0000000087b00000, 0x0000000087c00000|  0%| F|  |TAMS 0x0000000087b00000, 0x0000000087b00000| Untracked 
|  56|0x0000000087c00000, 0x0000000087c00000, 0x0000000087d00000|  0%| F|  |TAMS 0x0000000087c00000, 0x0000000087c00000| Untracked 
|  57|0x0000000087d00000, 0x0000000087d00000, 0x0000000087e00000|  0%| F|  |TAMS 0x0000000087d00000, 0x0000000087d00000| Untracked 
|  58|0x0000000087e00000, 0x0000000087e00000, 0x0000000087f00000|  0%| F|  |TAMS 0x0000000087e00000, 0x0000000087e00000| Untracked 
|  59|0x0000000087f00000, 0x0000000087f00000, 0x0000000088000000|  0%| F|  |TAMS 0x0000000087f00000, 0x0000000087f00000| Untracked 
|  60|0x0000000088000000, 0x0000000088000000, 0x0000000088100000|  0%| F|  |TAMS 0x0000000088000000, 0x0000000088000000| Untracked 
|  61|0x0000000088100000, 0x0000000088100000, 0x0000000088200000|  0%| F|  |TAMS 0x0000000088100000, 0x0000000088100000| Untracked 
|  62|0x0000000088200000, 0x0000000088200000, 0x0000000088300000|  0%| F|  |TAMS 0x0000000088200000, 0x0000000088200000| Untracked 
|  63|0x0000000088300000, 0x0000000088300000, 0x0000000088400000|  0%| F|  |TAMS 0x0000000088300000, 0x0000000088300000| Untracked 
|  64|0x0000000088400000, 0x0000000088400000, 0x0000000088500000|  0%| F|  |TAMS 0x0000000088400000, 0x0000000088400000| Untracked 
|  65|0x0000000088500000, 0x0000000088500000, 0x0000000088600000|  0%| F|  |TAMS 0x0000000088500000, 0x0000000088500000| Untracked 
|  66|0x0000000088600000, 0x0000000088600000, 0x0000000088700000|  0%| F|  |TAMS 0x0000000088600000, 0x0000000088600000| Untracked 
|  67|0x0000000088700000, 0x0000000088700000, 0x0000000088800000|  0%| F|  |TAMS 0x0000000088700000, 0x0000000088700000| Untracked 
|  68|0x0000000088800000, 0x0000000088800000, 0x0000000088900000|  0%| F|  |TAMS 0x0000000088800000, 0x0000000088800000| Untracked 
|  69|0x0000000088900000, 0x0000000088900000, 0x0000000088a00000|  0%| F|  |TAMS 0x0000000088900000, 0x0000000088900000| Untracked 
|  70|0x0000000088a00000, 0x0000000088ada250, 0x0000000088b00000| 85%| S|CS|TAMS 0x0000000088a00000, 0x0000000088a00000| Complete 
|  71|0x0000000088b00000, 0x0000000088c00000, 0x0000000088c00000|100%| S|CS|TAMS 0x0000000088b00000, 0x0000000088b00000| Complete 
|  72|0x0000000088c00000, 0x0000000088d00000, 0x0000000088d00000|100%| S|CS|TAMS 0x0000000088c00000, 0x0000000088c00000| Complete 
|  73|0x0000000088d00000, 0x0000000088e00000, 0x0000000088e00000|100%| S|CS|TAMS 0x0000000088d00000, 0x0000000088d00000| Complete 
|  74|0x0000000088e00000, 0x0000000088e00000, 0x0000000088f00000|  0%| F|  |TAMS 0x0000000088e00000, 0x0000000088e00000| Untracked 
|  75|0x0000000088f00000, 0x0000000088f00000, 0x0000000089000000|  0%| F|  |TAMS 0x0000000088f00000, 0x0000000088f00000| Untracked 
|  76|0x0000000089000000, 0x0000000089000000, 0x0000000089100000|  0%| F|  |TAMS 0x0000000089000000, 0x0000000089000000| Untracked 
|  77|0x0000000089100000, 0x0000000089100000, 0x0000000089200000|  0%| F|  |TAMS 0x0000000089100000, 0x0000000089100000| Untracked 
|  78|0x0000000089200000, 0x0000000089200000, 0x0000000089300000|  0%| F|  |TAMS 0x0000000089200000, 0x0000000089200000| Untracked 
|  79|0x0000000089300000, 0x0000000089400000, 0x0000000089400000|100%| S|CS|TAMS 0x0000000089300000, 0x0000000089300000| Complete 
|  80|0x0000000089400000, 0x0000000089400000, 0x0000000089500000|  0%| F|  |TAMS 0x0000000089400000, 0x0000000089400000| Untracked 
|  81|0x0000000089500000, 0x0000000089500000, 0x0000000089600000|  0%| F|  |TAMS 0x0000000089500000, 0x0000000089500000| Untracked 
|  82|0x0000000089600000, 0x0000000089600000, 0x0000000089700000|  0%| F|  |TAMS 0x0000000089600000, 0x0000000089600000| Untracked 
|  83|0x0000000089700000, 0x0000000089700000, 0x0000000089800000|  0%| F|  |TAMS 0x0000000089700000, 0x0000000089700000| Untracked 
|  84|0x0000000089800000, 0x0000000089800000, 0x0000000089900000|  0%| F|  |TAMS 0x0000000089800000, 0x0000000089800000| Untracked 
|  85|0x0000000089900000, 0x0000000089900000, 0x0000000089a00000|  0%| F|  |TAMS 0x0000000089900000, 0x0000000089900000| Untracked 
|  86|0x0000000089a00000, 0x0000000089a00000, 0x0000000089b00000|  0%| F|  |TAMS 0x0000000089a00000, 0x0000000089a00000| Untracked 
|  87|0x0000000089b00000, 0x0000000089b00000, 0x0000000089c00000|  0%| F|  |TAMS 0x0000000089b00000, 0x0000000089b00000| Untracked 
|  88|0x0000000089c00000, 0x0000000089c00000, 0x0000000089d00000|  0%| F|  |TAMS 0x0000000089c00000, 0x0000000089c00000| Untracked 
|  89|0x0000000089d00000, 0x0000000089d00000, 0x0000000089e00000|  0%| F|  |TAMS 0x0000000089d00000, 0x0000000089d00000| Untracked 
|  90|0x0000000089e00000, 0x0000000089e00000, 0x0000000089f00000|  0%| F|  |TAMS 0x0000000089e00000, 0x0000000089e00000| Untracked 
|  91|0x0000000089f00000, 0x0000000089f00000, 0x000000008a000000|  0%| F|  |TAMS 0x0000000089f00000, 0x0000000089f00000| Untracked 
|  92|0x000000008a000000, 0x000000008a000000, 0x000000008a100000|  0%| F|  |TAMS 0x000000008a000000, 0x000000008a000000| Untracked 
|  93|0x000000008a100000, 0x000000008a100000, 0x000000008a200000|  0%| F|  |TAMS 0x000000008a100000, 0x000000008a100000| Untracked 
|  94|0x000000008a200000, 0x000000008a200000, 0x000000008a300000|  0%| F|  |TAMS 0x000000008a200000, 0x000000008a200000| Untracked 
|  95|0x000000008a300000, 0x000000008a300000, 0x000000008a400000|  0%| F|  |TAMS 0x000000008a300000, 0x000000008a300000| Untracked 
|  96|0x000000008a400000, 0x000000008a400000, 0x000000008a500000|  0%| F|  |TAMS 0x000000008a400000, 0x000000008a400000| Untracked 
|  97|0x000000008a500000, 0x000000008a500000, 0x000000008a600000|  0%| F|  |TAMS 0x000000008a500000, 0x000000008a500000| Untracked 
|  98|0x000000008a600000, 0x000000008a600000, 0x000000008a700000|  0%| F|  |TAMS 0x000000008a600000, 0x000000008a600000| Untracked 
|  99|0x000000008a700000, 0x000000008a700000, 0x000000008a800000|  0%| F|  |TAMS 0x000000008a700000, 0x000000008a700000| Untracked 
| 100|0x000000008a800000, 0x000000008a800000, 0x000000008a900000|  0%| F|  |TAMS 0x000000008a800000, 0x000000008a800000| Untracked 
| 101|0x000000008a900000, 0x000000008a900000, 0x000000008aa00000|  0%| F|  |TAMS 0x000000008a900000, 0x000000008a900000| Untracked 
| 102|0x000000008aa00000, 0x000000008aa00000, 0x000000008ab00000|  0%| F|  |TAMS 0x000000008aa00000, 0x000000008aa00000| Untracked 
| 103|0x000000008ab00000, 0x000000008ab00000, 0x000000008ac00000|  0%| F|  |TAMS 0x000000008ab00000, 0x000000008ab00000| Untracked 
| 104|0x000000008ac00000, 0x000000008ac00000, 0x000000008ad00000|  0%| F|  |TAMS 0x000000008ac00000, 0x000000008ac00000| Untracked 
| 105|0x000000008ad00000, 0x000000008ad00000, 0x000000008ae00000|  0%| F|  |TAMS 0x000000008ad00000, 0x000000008ad00000| Untracked 
| 106|0x000000008ae00000, 0x000000008ae00000, 0x000000008af00000|  0%| F|  |TAMS 0x000000008ae00000, 0x000000008ae00000| Untracked 
| 107|0x000000008af00000, 0x000000008b000000, 0x000000008b000000|100%| E|  |TAMS 0x000000008af00000, 0x000000008af00000| Complete 
| 108|0x000000008b000000, 0x000000008b100000, 0x000000008b100000|100%| E|CS|TAMS 0x000000008b000000, 0x000000008b000000| Complete 
| 109|0x000000008b100000, 0x000000008b200000, 0x000000008b200000|100%| E|CS|TAMS 0x000000008b100000, 0x000000008b100000| Complete 
| 110|0x000000008b200000, 0x000000008b300000, 0x000000008b300000|100%| E|CS|TAMS 0x000000008b200000, 0x000000008b200000| Complete 
| 111|0x000000008b300000, 0x000000008b400000, 0x000000008b400000|100%| E|CS|TAMS 0x000000008b300000, 0x000000008b300000| Complete 
| 112|0x000000008b400000, 0x000000008b500000, 0x000000008b500000|100%| E|CS|TAMS 0x000000008b400000, 0x000000008b400000| Complete 
| 113|0x000000008b500000, 0x000000008b600000, 0x000000008b600000|100%| E|CS|TAMS 0x000000008b500000, 0x000000008b500000| Complete 
| 114|0x000000008b600000, 0x000000008b700000, 0x000000008b700000|100%| E|CS|TAMS 0x000000008b600000, 0x000000008b600000| Complete 
| 115|0x000000008b700000, 0x000000008b800000, 0x000000008b800000|100%| E|CS|TAMS 0x000000008b700000, 0x000000008b700000| Complete 
| 116|0x000000008b800000, 0x000000008b900000, 0x000000008b900000|100%| E|CS|TAMS 0x000000008b800000, 0x000000008b800000| Complete 
| 117|0x000000008b900000, 0x000000008ba00000, 0x000000008ba00000|100%| E|CS|TAMS 0x000000008b900000, 0x000000008b900000| Complete 
| 118|0x000000008ba00000, 0x000000008bb00000, 0x000000008bb00000|100%| E|CS|TAMS 0x000000008ba00000, 0x000000008ba00000| Complete 
| 119|0x000000008bb00000, 0x000000008bc00000, 0x000000008bc00000|100%| E|CS|TAMS 0x000000008bb00000, 0x000000008bb00000| Complete 
| 120|0x000000008bc00000, 0x000000008bd00000, 0x000000008bd00000|100%| E|CS|TAMS 0x000000008bc00000, 0x000000008bc00000| Complete 
| 123|0x000000008bf00000, 0x000000008c000000, 0x000000008c000000|100%| E|CS|TAMS 0x000000008bf00000, 0x000000008bf00000| Complete 

Card table byte_map: [0x0000026852940000,0x0000026852d20000] _byte_map_base: 0x000002685251e000

Marking Bits (Prev, Next): (CMBitMap*) 0x000002683b7af910, (CMBitMap*) 0x000002683b7af8d0
 Prev Bits: [0x0000026854ff0000, 0x0000026856ee0000)
 Next Bits: [0x0000026853100000, 0x0000026854ff0000)

Polling page: 0x00000268396d0000

Metaspace:

Usage:
  Non-class:     50.40 MB used.
      Class:      6.84 MB used.
       Both:     57.24 MB used.

Virtual space:
  Non-class space:       64.00 MB reserved,      50.56 MB ( 79%) committed,  1 nodes.
      Class space:        1.00 GB reserved,       7.00 MB ( <1%) committed,  1 nodes.
             Both:        1.06 GB reserved,      57.56 MB (  5%) committed. 

Chunk freelists:
   Non-Class:  13.19 MB
       Class:  8.84 MB
        Both:  22.03 MB

MaxMetaspaceSize: unlimited
CompressedClassSpaceSize: 1.00 GB
Initial GC threshold: 21.00 MB
Current GC threshold: 64.31 MB
CDS: on
MetaspaceReclaimPolicy: balanced
 - commit_granule_bytes: 65536.
 - commit_granule_words: 8192.
 - virtual_space_node_default_size: 8388608.
 - enlarge_chunks_in_place: 1.
 - new_chunks_are_fully_committed: 0.
 - uncommit_free_chunks: 1.
 - use_allocation_guard: 0.
 - handle_deallocations: 1.


Internal statistics:

num_allocs_failed_limit: 6.
num_arena_births: 256.
num_arena_deaths: 0.
num_vsnodes_births: 2.
num_vsnodes_deaths: 0.
num_space_committed: 919.
num_space_uncommitted: 0.
num_chunks_returned_to_freelist: 6.
num_chunks_taken_from_freelist: 2211.
num_chunk_merges: 6.
num_chunk_splits: 1862.
num_chunks_enlarged: 1702.
num_inconsistent_stats: 0.

CodeHeap 'non-profiled nmethods': size=120000Kb used=3154Kb max_used=3154Kb free=116845Kb
 bounds [0x000002684aad0000, 0x000002684adf0000, 0x0000026852000000]
CodeHeap 'profiled nmethods': size=120000Kb used=16120Kb max_used=16120Kb free=103879Kb
 bounds [0x0000026843000000, 0x0000026843fc0000, 0x000002684a530000]
CodeHeap 'non-nmethods': size=5760Kb used=1374Kb max_used=1410Kb free=4385Kb
 bounds [0x000002684a530000, 0x000002684a7a0000, 0x000002684aad0000]
 total_blobs=7015 nmethods=6307 adapters=618
 compilation: enabled
              stopped_count=0, restarted_count=0
 full_count=0

Compilation events (20 events):
Event: 16.911 Thread 0x0000026859b29990 nmethod 6858 0x000002684ade3c10 code [0x000002684ade3da0, 0x000002684ade3e58]
Event: 16.911 Thread 0x0000026859b29990 7106       4       kotlin.SynchronizedLazyImpl::<init> (15 bytes)
Event: 16.914 Thread 0x0000026859b29990 nmethod 7106 0x000002684ade3f90 code [0x000002684ade4120, 0x000002684ade43f8]
Event: 16.966 Thread 0x0000026859b88960 7144       3       kotlin.collections.CollectionsKt__CollectionsKt::getIndices (23 bytes)
Event: 16.966 Thread 0x0000026859b88960 nmethod 7144 0x0000026843faf390 code [0x0000026843faf5c0, 0x0000026843fafd38]
Event: 16.967 Thread 0x0000026859b88960 7145       3       org.jetbrains.kotlin.serialization.deserialization.ProtoEnumFlags::modality (76 bytes)
Event: 16.967 Thread 0x0000026859b88960 nmethod 7145 0x0000026843fb0010 code [0x0000026843fb01e0, 0x0000026843fb0538]
Event: 16.968 Thread 0x0000026859b29990 7146       4       org.jetbrains.kotlin.metadata.ProtoBuf$Function$1::parsePartialFrom (7 bytes)
Event: 16.969 Thread 0x0000026859b88960 7149       3       org.jetbrains.kotlin.cli.jvm.compiler.CliVirtualFileFinder::findVirtualFileWithHeader (12 bytes)
Event: 16.970 Thread 0x0000026859b29990 nmethod 7146 0x000002684ade4510 code [0x000002684ade46a0, 0x000002684ade4808]
Event: 16.970 Thread 0x0000026859b29990 7148       4       org.jetbrains.kotlin.metadata.ProtoBuf$Function::isInitialized (251 bytes)
Event: 16.970 Thread 0x0000026859b88960 nmethod 7149 0x0000026843fb0610 code [0x0000026843fb0820, 0x0000026843fb0e08]
Event: 16.971 Thread 0x0000026859b88960 7150       3       org.jetbrains.kotlin.descriptors.impl.DeclarationDescriptorImpl::getOriginal (10 bytes)
Event: 16.971 Thread 0x0000026859b88960 nmethod 7150 0x0000026843fb1090 code [0x0000026843fb1220, 0x0000026843fb1338]
Event: 16.977 Thread 0x0000026859b88960 7152       3       org.jetbrains.kotlin.resolve.jvm.KotlinJavaPsiFacade::getProject (14 bytes)
Event: 16.978 Thread 0x0000026859b88960 nmethod 7152 0x0000026843fb1410 code [0x0000026843fb15c0, 0x0000026843fb1748]
Event: 16.986 Thread 0x0000026859b88960 7153       3       org.jetbrains.kotlin.com.intellij.util.containers.hash.HashUtil::hash (27 bytes)
Event: 16.986 Thread 0x0000026859b88960 nmethod 7153 0x0000026843fb1810 code [0x0000026843fb19c0, 0x0000026843fb1c58]
Event: 16.988 Thread 0x0000026859b88960 7154       3       org.jetbrains.kotlin.descriptors.impl.DeclarationDescriptorNonRootImpl::getOriginal (16 bytes)
Event: 16.988 Thread 0x0000026859b88960 nmethod 7154 0x0000026843fb1d90 code [0x0000026843fb1f20, 0x0000026843fb20b8]

GC Heap History (20 events):
Event: 8.465 GC heap before
{Heap before GC invocations=6 (full 0):
 garbage-first heap   total 61440K, used 46044K [0x0000000084400000, 0x0000000100000000)
  region size 1024K, 22 young (22528K), 1 survivors (1024K)
 Metaspace       used 30054K, committed 30336K, reserved 1114112K
  class space    used 3918K, committed 4032K, reserved 1048576K
}
Event: 8.473 GC heap after
{Heap after GC invocations=7 (full 0):
 garbage-first heap   total 61440K, used 25467K [0x0000000084400000, 0x0000000100000000)
  region size 1024K, 3 young (3072K), 3 survivors (3072K)
 Metaspace       used 30054K, committed 30336K, reserved 1114112K
  class space    used 3918K, committed 4032K, reserved 1048576K
}
Event: 9.285 GC heap before
{Heap before GC invocations=8 (full 0):
 garbage-first heap   total 61440K, used 44923K [0x0000000084400000, 0x0000000100000000)
  region size 1024K, 23 young (23552K), 3 survivors (3072K)
 Metaspace       used 34509K, committed 34752K, reserved 1114112K
  class space    used 4340K, committed 4416K, reserved 1048576K
}
Event: 9.292 GC heap after
{Heap after GC invocations=9 (full 0):
 garbage-first heap   total 61440K, used 27296K [0x0000000084400000, 0x0000000100000000)
  region size 1024K, 2 young (2048K), 2 survivors (2048K)
 Metaspace       used 34509K, committed 34752K, reserved 1114112K
  class space    used 4340K, committed 4416K, reserved 1048576K
}
Event: 9.364 GC heap before
{Heap before GC invocations=9 (full 0):
 garbage-first heap   total 61440K, used 28320K [0x0000000084400000, 0x0000000100000000)
  region size 1024K, 3 young (3072K), 2 survivors (2048K)
 Metaspace       used 34958K, committed 35200K, reserved 1114112K
  class space    used 4389K, committed 4480K, reserved 1048576K
}
Event: 9.369 GC heap after
{Heap after GC invocations=10 (full 0):
 garbage-first heap   total 61440K, used 26992K [0x0000000084400000, 0x0000000100000000)
  region size 1024K, 1 young (1024K), 1 survivors (1024K)
 Metaspace       used 34958K, committed 35200K, reserved 1114112K
  class space    used 4389K, committed 4480K, reserved 1048576K
}
Event: 10.013 GC heap before
{Heap before GC invocations=10 (full 0):
 garbage-first heap   total 61440K, used 40304K [0x0000000084400000, 0x0000000100000000)
  region size 1024K, 15 young (15360K), 1 survivors (1024K)
 Metaspace       used 38514K, committed 38720K, reserved 1114112K
  class space    used 4802K, committed 4864K, reserved 1048576K
}
Event: 10.018 GC heap after
{Heap after GC invocations=11 (full 0):
 garbage-first heap   total 61440K, used 28153K [0x0000000084400000, 0x0000000100000000)
  region size 1024K, 2 young (2048K), 2 survivors (2048K)
 Metaspace       used 38514K, committed 38720K, reserved 1114112K
  class space    used 4802K, committed 4864K, reserved 1048576K
}
Event: 10.341 GC heap before
{Heap before GC invocations=11 (full 0):
 garbage-first heap   total 61440K, used 41465K [0x0000000084400000, 0x0000000100000000)
  region size 1024K, 14 young (14336K), 2 survivors (2048K)
 Metaspace       used 39261K, committed 39488K, reserved 1114112K
  class space    used 4865K, committed 4928K, reserved 1048576K
}
Event: 10.355 GC heap after
{Heap after GC invocations=12 (full 0):
 garbage-first heap   total 61440K, used 32958K [0x0000000084400000, 0x0000000100000000)
  region size 1024K, 3 young (3072K), 3 survivors (3072K)
 Metaspace       used 39261K, committed 39488K, reserved 1114112K
  class space    used 4865K, committed 4928K, reserved 1048576K
}
Event: 10.470 GC heap before
{Heap before GC invocations=13 (full 0):
 garbage-first heap   total 61440K, used 48318K [0x0000000084400000, 0x0000000100000000)
  region size 1024K, 17 young (17408K), 3 survivors (3072K)
 Metaspace       used 39407K, committed 39616K, reserved 1114112K
  class space    used 4865K, committed 4928K, reserved 1048576K
}
Event: 10.476 GC heap after
{Heap after GC invocations=14 (full 0):
 garbage-first heap   total 61440K, used 33952K [0x0000000084400000, 0x0000000100000000)
  region size 1024K, 1 young (1024K), 1 survivors (1024K)
 Metaspace       used 39407K, committed 39616K, reserved 1114112K
  class space    used 4865K, committed 4928K, reserved 1048576K
}
Event: 10.485 GC heap before
{Heap before GC invocations=14 (full 0):
 garbage-first heap   total 61440K, used 36000K [0x0000000084400000, 0x0000000100000000)
  region size 1024K, 3 young (3072K), 1 survivors (1024K)
 Metaspace       used 39413K, committed 39616K, reserved 1114112K
  class space    used 4865K, committed 4928K, reserved 1048576K
}
Event: 10.492 GC heap after
{Heap after GC invocations=15 (full 0):
 garbage-first heap   total 124928K, used 33838K [0x0000000084400000, 0x0000000100000000)
  region size 1024K, 1 young (1024K), 1 survivors (1024K)
 Metaspace       used 39413K, committed 39616K, reserved 1114112K
  class space    used 4865K, committed 4928K, reserved 1048576K
}
Event: 12.676 GC heap before
{Heap before GC invocations=15 (full 0):
 garbage-first heap   total 124928K, used 84014K [0x0000000084400000, 0x0000000100000000)
  region size 1024K, 50 young (51200K), 1 survivors (1024K)
 Metaspace       used 42578K, committed 42816K, reserved 1114112K
  class space    used 5121K, committed 5184K, reserved 1048576K
}
Event: 12.698 GC heap after
{Heap after GC invocations=16 (full 0):
 garbage-first heap   total 124928K, used 41803K [0x0000000084400000, 0x0000000100000000)
  region size 1024K, 7 young (7168K), 7 survivors (7168K)
 Metaspace       used 42578K, committed 42816K, reserved 1114112K
  class space    used 5121K, committed 5184K, reserved 1048576K
}
Event: 14.034 GC heap before
{Heap before GC invocations=16 (full 0):
 garbage-first heap   total 124928K, used 85835K [0x0000000084400000, 0x0000000100000000)
  region size 1024K, 50 young (51200K), 7 survivors (7168K)
 Metaspace       used 47939K, committed 48192K, reserved 1114112K
  class space    used 5782K, committed 5888K, reserved 1048576K
}
Event: 14.059 GC heap after
{Heap after GC invocations=17 (full 0):
 garbage-first heap   total 124928K, used 46467K [0x0000000084400000, 0x0000000100000000)
  region size 1024K, 5 young (5120K), 5 survivors (5120K)
 Metaspace       used 47939K, committed 48192K, reserved 1114112K
  class space    used 5782K, committed 5888K, reserved 1048576K
}
Event: 16.360 GC heap before
{Heap before GC invocations=17 (full 0):
 garbage-first heap   total 124928K, used 89475K [0x0000000084400000, 0x0000000100000000)
  region size 1024K, 47 young (48128K), 5 survivors (5120K)
 Metaspace       used 56243K, committed 56512K, reserved 1114112K
  class space    used 6748K, committed 6912K, reserved 1048576K
}
Event: 16.379 GC heap after
{Heap after GC invocations=18 (full 0):
 garbage-first heap   total 124928K, used 51048K [0x0000000084400000, 0x0000000100000000)
  region size 1024K, 5 young (5120K), 5 survivors (5120K)
 Metaspace       used 56243K, committed 56512K, reserved 1114112K
  class space    used 6748K, committed 6912K, reserved 1048576K
}

Deoptimization events (20 events):
Event: 15.757 Thread 0x000002683b754ed0 DEOPT PACKING pc=0x000002684ad1e244 sp=0x000000da6d1fd340
Event: 15.757 Thread 0x000002683b754ed0 DEOPT UNPACKING pc=0x000002684a5823a3 sp=0x000000da6d1fd228 mode 2
Event: 15.807 Thread 0x000002683b754ed0 DEOPT PACKING pc=0x0000026843c7c1f5 sp=0x000000da6d1fd270
Event: 15.807 Thread 0x000002683b754ed0 DEOPT UNPACKING pc=0x000002684a582b43 sp=0x000000da6d1fc700 mode 0
Event: 16.533 Thread 0x000002683b754ed0 Uncommon trap: trap_request=0xffffffc6 fr.pc=0x000002684ad8bd7c relative=0x000000000000461c
Event: 16.533 Thread 0x000002683b754ed0 Uncommon trap: reason=bimorphic_or_optimized_type_check action=maybe_recompile pc=0x000002684ad8bd7c method=org.jetbrains.kotlin.serialization.deserialization.descriptors.DeserializedMemberScope.hasClass(Lorg/jetbrains/kotlin/name/Name;)Z @ 11 c2
Event: 16.533 Thread 0x000002683b754ed0 DEOPT PACKING pc=0x000002684ad8bd7c sp=0x000000da6d1fc7c0
Event: 16.533 Thread 0x000002683b754ed0 DEOPT UNPACKING pc=0x000002684a5823a3 sp=0x000000da6d1fc760 mode 2
Event: 16.535 Thread 0x000002683b754ed0 Uncommon trap: trap_request=0xffffffc6 fr.pc=0x000002684ad8bd7c relative=0x000000000000461c
Event: 16.535 Thread 0x000002683b754ed0 Uncommon trap: reason=bimorphic_or_optimized_type_check action=maybe_recompile pc=0x000002684ad8bd7c method=org.jetbrains.kotlin.serialization.deserialization.descriptors.DeserializedMemberScope.hasClass(Lorg/jetbrains/kotlin/name/Name;)Z @ 11 c2
Event: 16.535 Thread 0x000002683b754ed0 DEOPT PACKING pc=0x000002684ad8bd7c sp=0x000000da6d1fcef0
Event: 16.535 Thread 0x000002683b754ed0 DEOPT UNPACKING pc=0x000002684a5823a3 sp=0x000000da6d1fce90 mode 2
Event: 16.722 Thread 0x000002683b754ed0 Uncommon trap: trap_request=0xffffff45 fr.pc=0x000002684acd20c8 relative=0x00000000000003a8
Event: 16.722 Thread 0x000002683b754ed0 Uncommon trap: reason=unstable_if action=reinterpret pc=0x000002684acd20c8 method=kotlin.LazyKt__LazyJVMKt.lazy(Lkotlin/LazyThreadSafetyMode;Lkotlin/jvm/functions/Function0;)Lkotlin/Lazy; @ 21 c2
Event: 16.722 Thread 0x000002683b754ed0 DEOPT PACKING pc=0x000002684acd20c8 sp=0x000000da6d1fe000
Event: 16.722 Thread 0x000002683b754ed0 DEOPT UNPACKING pc=0x000002684a5823a3 sp=0x000000da6d1fdfc0 mode 2
Event: 16.982 Thread 0x000002683b754ed0 Uncommon trap: trap_request=0xffffffec fr.pc=0x000002684addf640 relative=0x0000000000002840
Event: 16.982 Thread 0x000002683b754ed0 Uncommon trap: reason=null_assert_or_unreached0 action=make_not_entrant pc=0x000002684addf640 method=org.jetbrains.kotlin.builtins.functions.BuiltInFictitiousFunctionClassFactory.shouldCreateClass(Lorg/jetbrains/kotlin/name/FqName;Lorg/jetbrains/kotlin/na
Event: 16.982 Thread 0x000002683b754ed0 DEOPT PACKING pc=0x000002684addf640 sp=0x000000da6d1fd250
Event: 16.982 Thread 0x000002683b754ed0 DEOPT UNPACKING pc=0x000002684a5823a3 sp=0x000000da6d1fd138 mode 2

Classes unloaded (0 events):
No events

Classes redefined (0 events):
No events

Internal exceptions (20 events):
Event: 5.106 Thread 0x000002683b754ed0 Exception <a 'java/lang/NoSuchMethodError'{0x000000008a975cb0}: 'java.lang.Object java.lang.invoke.Invokers$Holder.invokeExact_MT(java.lang.Object, java.lang.Object, java.lang.Object, java.lang.Object, java.lang.Object, java.lang.Object)'> (0x000000008a975cb0) 
thrown [s\open\src\hotspot\share\interpreter\linkResolver.cpp, line 759]
Event: 7.672 Thread 0x000002683b754ed0 Exception <a 'java/lang/NoSuchMethodError'{0x000000008a34ef30}: 'java.lang.Object java.lang.invoke.DirectMethodHandle$Holder.invokeVirtual(java.lang.Object, java.lang.Object, java.lang.Object)'> (0x000000008a34ef30) 
thrown [s\open\src\hotspot\share\interpreter\linkResolver.cpp, line 759]
Event: 9.306 Thread 0x000002683b754ed0 Exception <a 'java/lang/NoSuchMethodError'{0x000000008bf1f210}: 'java.lang.Object java.lang.invoke.DirectMethodHandle$Holder.newInvokeSpecial(java.lang.Object, java.lang.Object, int)'> (0x000000008bf1f210) 
thrown [s\open\src\hotspot\share\interpreter\linkResolver.cpp, line 759]
Event: 9.461 Thread 0x000002683b754ed0 Exception <a 'java/lang/NoSuchMethodError'{0x000000008a30fd68}: 'java.lang.Object java.lang.invoke.DirectMethodHandle$Holder.newInvokeSpecial(java.lang.Object, java.lang.Object, java.lang.Object, int)'> (0x000000008a30fd68) 
thrown [s\open\src\hotspot\share\interpreter\linkResolver.cpp, line 759]
Event: 9.462 Thread 0x000002683b754ed0 Exception <a 'java/lang/NoSuchMethodError'{0x000000008a3143f0}: 'java.lang.Object java.lang.invoke.DirectMethodHandle$Holder.invokeSpecial(java.lang.Object, java.lang.Object, java.lang.Object, java.lang.Object, int)'> (0x000000008a3143f0) 
thrown [s\open\src\hotspot\share\interpreter\linkResolver.cpp, line 759]
Event: 9.462 Thread 0x000002683b754ed0 Exception <a 'java/lang/NoSuchMethodError'{0x000000008a318260}: 'java.lang.Object java.lang.invoke.Invokers$Holder.linkToTargetMethod(java.lang.Object, java.lang.Object, int, java.lang.Object)'> (0x000000008a318260) 
thrown [s\open\src\hotspot\share\interpreter\linkResolver.cpp, line 759]
Event: 9.815 Thread 0x000002683b754ed0 Exception <a 'java/lang/NoSuchMethodError'{0x0000000087467360}: 'java.lang.Object java.lang.invoke.DirectMethodHandle$Holder.invokeInterface(java.lang.Object, java.lang.Object)'> (0x0000000087467360) 
thrown [s\open\src\hotspot\share\interpreter\linkResolver.cpp, line 759]
Event: 11.059 Thread 0x000002683b754ed0 Exception <a 'java/lang/NoSuchMethodError'{0x000000008acc18e0}: 'java.lang.Object java.lang.invoke.DirectMethodHandle$Holder.invokeStaticInit(java.lang.Object, java.lang.Object, java.lang.Object)'> (0x000000008acc18e0) 
thrown [s\open\src\hotspot\share\interpreter\linkResolver.cpp, line 759]
Event: 12.413 Thread 0x000002683b754ed0 Implicit null exception at 0x000002684ab18fea to 0x000002684ab191ac
Event: 12.413 Thread 0x000002683b754ed0 Implicit null exception at 0x000002684ab2ed0f to 0x000002684ab2ed89
Event: 13.513 Thread 0x000002683b754ed0 Exception <a 'java/lang/NoSuchMethodError'{0x000000008a5975d0}: 'java.lang.Object java.lang.invoke.DirectMethodHandle$Holder.newInvokeSpecial(java.lang.Object, java.lang.Object, java.lang.Object, java.lang.Object, java.lang.Object, java.lang.Object)'> (0x000000008a5975d0) 
thrown [s\open\src\hotspot\share\interpreter\linkResolver.cpp, line 759]
Event: 14.188 Thread 0x000002683b754ed0 Implicit null exception at 0x000002684ad3ae4c to 0x000002684ad3af28
Event: 14.326 Thread 0x000002683b754ed0 Exception <a 'java/lang/NoSuchMethodError'{0x000000008b9e5320}: 'int java.lang.invoke.DirectMethodHandle$Holder.invokeVirtual(java.lang.Object, java.lang.Object, java.lang.Object)'> (0x000000008b9e5320) 
thrown [s\open\src\hotspot\share\interpreter\linkResolver.cpp, line 759]
Event: 14.336 Thread 0x000002683b754ed0 Exception <a 'java/lang/NoSuchMethodError'{0x000000008b80ecc0}: 'java.lang.Object java.lang.invoke.DirectMethodHandle$Holder.invokeStatic(java.lang.Object, java.lang.Object, java.lang.Object, java.lang.Object, int)'> (0x000000008b80ecc0) 
thrown [s\open\src\hotspot\share\interpreter\linkResolver.cpp, line 759]
Event: 14.338 Thread 0x000002683b754ed0 Exception <a 'java/lang/NoSuchMethodError'{0x000000008b818c50}: 'java.lang.Object java.lang.invoke.DirectMethodHandle$Holder.newInvokeSpecial(java.lang.Object, java.lang.Object, java.lang.Object, java.lang.Object, int)'> (0x000000008b818c50) 
thrown [s\open\src\hotspot\share\interpreter\linkResolver.cpp, line 759]
Event: 14.341 Thread 0x000002683b754ed0 Exception <a 'java/lang/NoSuchMethodError'{0x000000008b81da28}: 'java.lang.Object java.lang.invoke.DirectMethodHandle$Holder.invokeSpecial(java.lang.Object, java.lang.Object, java.lang.Object, java.lang.Object, java.lang.Object, int)'> (0x000000008b81da28) 
thrown [s\open\src\hotspot\share\interpreter\linkResolver.cpp, line 759]
Event: 14.342 Thread 0x000002683b754ed0 Exception <a 'java/lang/NoSuchMethodError'{0x000000008b8221b0}: 'java.lang.Object java.lang.invoke.Invokers$Holder.linkToTargetMethod(java.lang.Object, java.lang.Object, java.lang.Object, int, java.lang.Object)'> (0x000000008b8221b0) 
thrown [s\open\src\hotspot\share\interpreter\linkResolver.cpp, line 759]
Event: 14.433 Thread 0x000002683b754ed0 Exception <a 'java/lang/NoSuchMethodError'{0x000000008b752680}: 'void java.lang.invoke.DirectMethodHandle$Holder.invokeInterface(java.lang.Object, java.lang.Object)'> (0x000000008b752680) 
thrown [s\open\src\hotspot\share\interpreter\linkResolver.cpp, line 759]
Event: 15.287 Thread 0x000002683b754ed0 Implicit null exception at 0x000002684ab5f56a to 0x000002684ab5f72c
Event: 16.571 Thread 0x000002683b754ed0 Exception <a 'java/lang/NoSuchMethodError'{0x000000008b947e30}: 'java.lang.Object java.lang.invoke.DirectMethodHandle$Holder.invokeSpecial(java.lang.Object, java.lang.Object, int, int, java.lang.Object, java.lang.Object, java.lang.Object, java.lang.Object, java.lang.Object)'> (0x000000008b947e30) 
thrown [s\open\src\hotspot\share\interpreter\linkResolver.cpp, line 759]

VM Operations (20 events):
Event: 16.179 Executing VM operation: HandshakeAllThreads
Event: 16.179 Executing VM operation: HandshakeAllThreads done
Event: 16.360 Executing VM operation: G1CollectForAllocation
Event: 16.379 Executing VM operation: G1CollectForAllocation done
Event: 16.554 Executing VM operation: HandshakeAllThreads
Event: 16.554 Executing VM operation: HandshakeAllThreads done
Event: 16.573 Executing VM operation: ICBufferFull
Event: 16.574 Executing VM operation: ICBufferFull done
Event: 16.577 Executing VM operation: HandshakeAllThreads
Event: 16.577 Executing VM operation: HandshakeAllThreads done
Event: 16.695 Executing VM operation: HandshakeAllThreads
Event: 16.696 Executing VM operation: HandshakeAllThreads done
Event: 16.719 Executing VM operation: HandshakeAllThreads
Event: 16.719 Executing VM operation: HandshakeAllThreads done
Event: 16.733 Executing VM operation: HandshakeAllThreads
Event: 16.733 Executing VM operation: HandshakeAllThreads done
Event: 16.743 Executing VM operation: HandshakeAllThreads
Event: 16.743 Executing VM operation: HandshakeAllThreads done
Event: 16.830 Executing VM operation: HandshakeAllThreads
Event: 16.830 Executing VM operation: HandshakeAllThreads done

Events (20 events):
Event: 14.442 loading class java/util/stream/Node$OfLong
Event: 14.442 loading class java/util/stream/Node$OfLong done
Event: 14.442 loading class java/util/stream/Nodes$EmptyNode$OfLong done
Event: 14.442 loading class java/util/stream/Nodes$EmptyNode$OfDouble
Event: 14.442 loading class java/util/stream/Node$OfDouble
Event: 14.443 loading class java/util/stream/Node$OfDouble done
Event: 14.443 loading class java/util/stream/Nodes$EmptyNode$OfDouble done
Event: 14.443 loading class java/util/stream/Nodes$SpinedNodeBuilder
Event: 14.443 loading class java/util/stream/Node$Builder
Event: 14.443 loading class java/util/stream/Node$Builder done
Event: 14.443 loading class java/util/stream/SpinedBuffer
Event: 14.444 loading class java/util/stream/AbstractSpinedBuffer
Event: 14.444 loading class java/util/stream/AbstractSpinedBuffer done
Event: 14.444 loading class java/util/stream/SpinedBuffer done
Event: 14.444 loading class java/util/stream/Nodes$SpinedNodeBuilder done
Event: 15.739 Thread 0x0000026859b94d80 flushing nmethod 0x000002684abfa090
Event: 15.748 Thread 0x0000026859b94d80 flushing nmethod 0x00000268438cee10
Event: 15.753 Thread 0x0000026859b94d80 flushing nmethod 0x0000026843c4f910
Event: 15.754 Thread 0x0000026859b94d80 flushing nmethod 0x0000026843ca7e90
Event: 16.035 Thread 0x00000268a19a9e40 Thread exited: 0x00000268a19a9e40


Dynamic libraries:
0x00007ff7d9f30000 - 0x00007ff7d9f40000 	C:\Program Files\Java\jdk-17\bin\java.exe
0x00007ffa7c550000 - 0x00007ffa7c748000 	C:\Windows\SYSTEM32\ntdll.dll
0x00007ffa7be00000 - 0x00007ffa7bebd000 	C:\Windows\System32\KERNEL32.DLL
0x00007ffa79ea0000 - 0x00007ffa7a196000 	C:\Windows\System32\KERNELBASE.dll
0x00007ffa7a230000 - 0x00007ffa7a330000 	C:\Windows\System32\ucrtbase.dll
0x00007ffa6a600000 - 0x00007ffa6a61b000 	C:\Program Files\Java\jdk-17\bin\VCRUNTIME140.dll
0x00007ffa6d7b0000 - 0x00007ffa6d7c9000 	C:\Program Files\Java\jdk-17\bin\jli.dll
0x00007ffa7a9b0000 - 0x00007ffa7aa5f000 	C:\Windows\System32\ADVAPI32.dll
0x00007ffa7a910000 - 0x00007ffa7a9ae000 	C:\Windows\System32\msvcrt.dll
0x00007ffa7c380000 - 0x00007ffa7c41c000 	C:\Windows\System32\sechost.dll
0x00007ffa7c070000 - 0x00007ffa7c196000 	C:\Windows\System32\RPCRT4.dll
0x00007ffa7a5b0000 - 0x00007ffa7a74e000 	C:\Windows\System32\USER32.dll
0x00007ffa79dc0000 - 0x00007ffa79de2000 	C:\Windows\System32\win32u.dll
0x00007ffa7ac70000 - 0x00007ffa7ac9c000 	C:\Windows\System32\GDI32.dll
0x00007ffa7a440000 - 0x00007ffa7a55a000 	C:\Windows\System32\gdi32full.dll
0x00007ffa7a3a0000 - 0x00007ffa7a43d000 	C:\Windows\System32\msvcp_win.dll
0x00007ffa5e160000 - 0x00007ffa5e3fa000 	C:\Windows\WinSxS\amd64_microsoft.windows.common-controls_6595b64144ccf1df_6.0.19041.3636_none_60b6a03d71f818d5\COMCTL32.dll
0x00007ffa69590000 - 0x00007ffa6959a000 	C:\Windows\SYSTEM32\VERSION.dll
0x00007ffa7c340000 - 0x00007ffa7c370000 	C:\Windows\System32\IMM32.DLL
0x00007ffa6a5f0000 - 0x00007ffa6a5fc000 	C:\Program Files\Java\jdk-17\bin\vcruntime140_1.dll
0x00007ffa53120000 - 0x00007ffa531ae000 	C:\Program Files\Java\jdk-17\bin\msvcp140.dll
0x00007ff9ff5f0000 - 0x00007ffa001d1000 	C:\Program Files\Java\jdk-17\bin\server\jvm.dll
0x00007ffa7c370000 - 0x00007ffa7c378000 	C:\Windows\System32\PSAPI.DLL
0x00007ffa6a5e0000 - 0x00007ffa6a5e9000 	C:\Windows\SYSTEM32\WSOCK32.dll
0x00007ffa7c1a0000 - 0x00007ffa7c20b000 	C:\Windows\System32\WS2_32.dll
0x00007ffa67430000 - 0x00007ffa67457000 	C:\Windows\SYSTEM32\WINMM.dll
0x00007ffa78480000 - 0x00007ffa78492000 	C:\Windows\SYSTEM32\kernel.appcore.dll
0x00007ffa6a5d0000 - 0x00007ffa6a5da000 	C:\Program Files\Java\jdk-17\bin\jimage.dll
0x00007ffa77a00000 - 0x00007ffa77be4000 	C:\Windows\SYSTEM32\DBGHELP.DLL
0x00007ffa55540000 - 0x00007ffa55574000 	C:\Windows\SYSTEM32\dbgcore.DLL
0x00007ffa7a1a0000 - 0x00007ffa7a222000 	C:\Windows\System32\bcryptPrimitives.dll
0x00007ffa545d0000 - 0x00007ffa545f5000 	C:\Program Files\Java\jdk-17\bin\java.dll
0x00007ffa4e5f0000 - 0x00007ffa4e6c7000 	C:\Program Files\Java\jdk-17\bin\jsvml.dll
0x00007ffa7b000000 - 0x00007ffa7b745000 	C:\Windows\System32\SHELL32.dll
0x00007ffa77bf0000 - 0x00007ffa7838b000 	C:\Windows\SYSTEM32\windows.storage.dll
0x00007ffa7aca0000 - 0x00007ffa7aff4000 	C:\Windows\System32\combase.dll
0x00007ffa795a0000 - 0x00007ffa795cd000 	C:\Windows\SYSTEM32\Wldp.dll
0x00007ffa7bc70000 - 0x00007ffa7bd1d000 	C:\Windows\System32\SHCORE.dll
0x00007ffa7c270000 - 0x00007ffa7c2c5000 	C:\Windows\System32\shlwapi.dll
0x00007ffa79b60000 - 0x00007ffa79b85000 	C:\Windows\SYSTEM32\profapi.dll
0x00007ffa59ba0000 - 0x00007ffa59bb9000 	C:\Program Files\Java\jdk-17\bin\net.dll
0x00007ffa716b0000 - 0x00007ffa717ba000 	C:\Windows\SYSTEM32\WINHTTP.dll
0x00007ffa79300000 - 0x00007ffa7936a000 	C:\Windows\system32\mswsock.dll
0x00007ffa55aa0000 - 0x00007ffa55ab6000 	C:\Program Files\Java\jdk-17\bin\nio.dll
0x00007ffa55580000 - 0x00007ffa55598000 	C:\Program Files\Java\jdk-17\bin\zip.dll
0x00007ffa74100000 - 0x00007ffa74110000 	C:\Program Files\Java\jdk-17\bin\verify.dll

dbghelp: loaded successfully - version: 4.0.5 - missing functions: none
symbol engine: initialized successfully - sym options: 0x614 - pdb path: .;C:\Program Files\Java\jdk-17\bin;C:\Windows\SYSTEM32;C:\Windows\WinSxS\amd64_microsoft.windows.common-controls_6595b64144ccf1df_6.0.19041.3636_none_60b6a03d71f818d5;C:\Program Files\Java\jdk-17\bin\server

VM Arguments:
java_command: org.jetbrains.kotlin.cli.jvm.K2JVMCompiler @C:\Users\PMLS\Desktop\MAD Projects\DineIn2\dinein\android\app\build\20231231_15373319298179585959.compiler.options
java_class_path (initial): C:\Users\PMLS\.gradle\caches\modules-2\files-2.1\org.jetbrains.kotlin\kotlin-compiler-embeddable\1.8.0\eb9118d4bcceaa2a94b2ae2a33a4ddba7c9a947f\kotlin-compiler-embeddable-1.8.0.jar;C:\Users\PMLS\.gradle\caches\modules-2\files-2.1\org.jetbrains.kotlin\kotlin-stdlib\1.8.0\1796921c7a3e2e2665a83e6c8d33399336cd39bc\kotlin-stdlib-1.8.0.jar;C:\Users\PMLS\.gradle\caches\modules-2\files-2.1\org.jetbrains.kotlin\kotlin-script-runtime\1.8.0\b2f7e760d283cb339974851c222a4c1d48f2d3d\kotlin-script-runtime-1.8.0.jar;C:\Users\PMLS\.gradle\caches\modules-2\files-2.1\org.jetbrains.kotlin\kotlin-reflect\1.6.10\1cbe9c92c12a94eea200d23c2bbaedaf3daf5132\kotlin-reflect-1.6.10.jar;C:\Users\PMLS\.gradle\caches\modules-2\files-2.1\org.jetbrains.kotlin\kotlin-daemon-embeddable\1.8.0\d255216c551685dc3a7e852b53617f5f01aaaa5c\kotlin-daemon-embeddable-1.8.0.jar;C:\Users\PMLS\.gradle\caches\modules-2\files-2.1\org.jetbrains.intellij.deps\trove4j\1.0.20200330\3afb14d5f9ceb459d724e907a21145e8ff394f02\trove4j-1.0.20200330.jar;C:\Users\PMLS\.gradle\caches\modules-2\files-2.1\net.java.dev.jna\jna\5.6.0\330f2244e9030119ab3030fc3fededc86713d9cc\jna-5.6.0.jar;C:\Users\PMLS\.gradle\caches\modules-2\files-2.1\org.jetbrains.kotlin\kotlin-stdlib-common\1.8.0\f7197e7cc76453ac59f8b0f8d5137cc600becd36\kotlin-stdlib-common-1.8.0.jar;C:\Users\PMLS\.gradle\caches\modules-2\files-2.1\org.jetbrains\annotations\13.0\919f0dfe192fb4e063e7dacadee7f8bb9a2672a9\annotations-13.0.jar
Launcher Type: SUN_STANDARD

[Global flags]
     intx CICompilerCount                          = 4                                         {product} {ergonomic}
     uint ConcGCThreads                            = 3                                         {product} {ergonomic}
     uint G1ConcRefinementThreads                  = 10                                        {product} {ergonomic}
   size_t G1HeapRegionSize                         = 1048576                                   {product} {ergonomic}
    uintx GCDrainStackTargetSize                   = 64                                        {product} {ergonomic}
   size_t InitialHeapSize                          = 130023424                                 {product} {ergonomic}
   size_t MarkStackSize                            = 4194304                                   {product} {ergonomic}
   size_t MaxHeapSize                              = 2076180480                                {product} {ergonomic}
   size_t MaxNewSize                               = 1245708288                                {product} {ergonomic}
   size_t MinHeapDeltaBytes                        = 1048576                                   {product} {ergonomic}
   size_t MinHeapSize                              = 8388608                                   {product} {ergonomic}
    uintx NonNMethodCodeHeapSize                   = 5839372                                {pd product} {ergonomic}
    uintx NonProfiledCodeHeapSize                  = 122909434                              {pd product} {ergonomic}
    uintx ProfiledCodeHeapSize                     = 122909434                              {pd product} {ergonomic}
    uintx ReservedCodeCacheSize                    = 251658240                              {pd product} {ergonomic}
     bool SegmentedCodeCache                       = true                                      {product} {ergonomic}
   size_t SoftMaxHeapSize                          = 2076180480                             {manageable} {ergonomic}
     bool UseCompressedClassPointers               = true                           {product lp64_product} {ergonomic}
     bool UseCompressedOops                        = true                           {product lp64_product} {ergonomic}
     bool UseG1GC                                  = true                                      {product} {ergonomic}
     bool UseLargePagesIndividualAllocation        = false                                  {pd product} {ergonomic}

Logging:
Log output configuration:
 #0: stdout all=warning uptime,level,tags
 #1: stderr all=off uptime,level,tags

Environment Variables:
JAVA_HOME=C:\Program Files\Java\jdk-17
CLASSPATH=C:\Users\PMLS\Desktop\MAD Projects\DineIn2\dinein\android\\gradle\wrapper\gradle-wrapper.jar
PATH=C:\Users\PMLS\Desktop\MAD Projects\DineIn2\dinein\node_modules\.bin;C:\Users\PMLS\Desktop\MAD Projects\DineIn2\dinein\node_modules\.bin;C:\Users\PMLS\Desktop\MAD Projects\DineIn2\node_modules\.bin;C:\Users\PMLS\Desktop\MAD Projects\node_modules\.bin;C:\Users\PMLS\Desktop\node_modules\.bin;C:\Users\PMLS\node_modules\.bin;C:\Users\node_modules\.bin;C:\node_modules\.bin;C:\Users\PMLS\AppData\Roaming\npm\node_modules\npm\node_modules\@npmcli\run-script\lib\node-gyp-bin;C:\Users\PMLS\Desktop\MAD Projects\DineIn2\dinein\node_modules\.bin;C:\Users\PMLS\Desktop\MAD Projects\DineIn2\node_modules\.bin;C:\Users\PMLS\Desktop\MAD Projects\node_modules\.bin;C:\Users\PMLS\Desktop\node_modules\.bin;C:\Users\PMLS\node_modules\.bin;C:\Users\node_modules\.bin;C:\node_modules\.bin;C:\Users\PMLS\AppData\Roaming\npm\node_modules\npm\node_modules\@npmcli\run-script\lib\node-gyp-bin;C:\Program Files (x86)\Common Files\Intel\Shared Libraries\redist\intel64\compiler;C:\Program Files\Common Files\Oracle\Java\javapath;C:\Windows\system32;C:\Windows;C:\Windows\System32\Wbem;C:\Windows\System32\WindowsPowerShell\v1.0\;C:\Windows\System32\OpenSSH\;C:\Program Files\nodejs\;C:\Program Files\Java\jdk-17\bin;C:\Program Files (x86)\Windows Kits\10\Windows Performance Toolkit\;C:\Program Files\Git\cmd;C:\Program Files\Java\jdk-17\bin;C:\Users\PMLS\AppData\Local\Microsoft\WindowsApps;C:\Users\PMLS\AppData\Local\Programs\Microsoft VS Code\bin;C:\Users\PMLS\AppData\Roaming\npm;C:\Users\PMLS\AppData\Local\Android\Sdk\platform-tools;
USERNAME=PMYLS
LANG=en_US.UTF-8
OS=Windows_NT
PROCESSOR_IDENTIFIER=Intel64 Family 6 Model 154 Stepping 4, GenuineIntel



---------------  S Y S T E M  ---------------

OS:
 Windows 10 , 64 bit Build 19041 (10.0.19041.3636)
OS uptime: 0 days 21:43 hours

CPU: total 12 (initial active 12) (12 cores per cpu, 1 threads per core) family 6 model 154 stepping 4 microcode 0x424, cx8, cmov, fxsr, mmx, 3dnowpref, sse, sse2, sse3, ssse3, sse4.1, sse4.2, popcnt, lzcnt, tsc, tscinvbit, avx, avx2, aes, erms, clmul, bmi1, bmi2, adx, sha, fma, vzeroupper, clflush, clflushopt, clwb

Memory: 4k page, system-wide physical 7916M (201M free)
TotalPageFile size 18156M (AvailPageFile size 0M)
current process WorkingSet (physical memory assigned to process): 275M, peak: 292M
current process commit charge ("private bytes"): 334M, peak: 350M

vm_info: Java HotSpot(TM) 64-Bit Server VM (17.0.9+11-LTS-201) for windows-amd64 JRE (17.0.9+11-LTS-201), built on Oct 10 2023 23:16:06 by "mach5one" with MS VC++ 17.1 (VS2022)

END.
